<?xml version="1.0" encoding="UTF-8"?>
<testng-results ignored="0" total="2" passed="2" failed="0" skipped="0">
  <reporter-output>
    <line>
      <![CDATA[OpenBrowser]]>
    </line>
    <line>
      <![CDATA[login]]>
    </line>
    <line>
      <![CDATA[CreateCustomer]]>
    </line>
    <line>
      <![CDATA[logout]]>
    </line>
    <line>
      <![CDATA[login]]>
    </line>
    <line>
      <![CDATA[Modifycustomer]]>
    </line>
    <line>
      <![CDATA[logout]]>
    </line>
    <line>
      <![CDATA[CloseBrowser]]>
    </line>
  </reporter-output>
  <suite started-at="2023-07-21T12:27:49 IST" name="Default suite" finished-at="2023-07-21T12:28:25 IST" duration-ms="35571">
    <groups>
      <group name="smoketest">
        <method signature="CustomerModule.CreateCustomer()[pri:0, instance:com.actitime.testscript.CustomerModule@3023df74]" name="CreateCustomer" class="com.actitime.testscript.CustomerModule"/>
        <method signature="CustomerModule.ModifyCustomer()[pri:0, instance:com.actitime.testscript.CustomerModule@3023df74]" name="ModifyCustomer" class="com.actitime.testscript.CustomerModule"/>
      </group> <!-- smoketest -->
    </groups>
    <test started-at="2023-07-21T12:27:49 IST" name="Default test" finished-at="2023-07-21T12:28:25 IST" duration-ms="35571">
      <class name="com.actitime.testscript.CustomerModule">
        <test-method is-config="true" signature="OpenBrowser()[pri:0, instance:com.actitime.testscript.CustomerModule@3023df74]" started-at="2023-07-21T12:27:49 IST" name="OpenBrowser" finished-at="2023-07-21T12:27:53 IST" duration-ms="3276" status="PASS">
          <reporter-output>
            <line>
              <![CDATA[OpenBrowser]]>
            </line>
          </reporter-output>
        </test-method> <!-- OpenBrowser -->
        <test-method is-config="true" signature="LogIn()[pri:0, instance:com.actitime.testscript.CustomerModule@3023df74]" started-at="2023-07-21T12:27:53 IST" name="LogIn" finished-at="2023-07-21T12:28:04 IST" duration-ms="10726" status="PASS">
          <reporter-output>
            <line>
              <![CDATA[login]]>
            </line>
          </reporter-output>
        </test-method> <!-- LogIn -->
        <test-method signature="CreateCustomer()[pri:0, instance:com.actitime.testscript.CustomerModule@3023df74]" started-at="2023-07-21T12:28:04 IST" name="CreateCustomer" finished-at="2023-07-21T12:28:04 IST" duration-ms="11" status="PASS">
          <reporter-output>
            <line>
              <![CDATA[CreateCustomer]]>
            </line>
          </reporter-output>
        </test-method> <!-- CreateCustomer -->
        <test-method is-config="true" signature="LogOut()[pri:0, instance:com.actitime.testscript.CustomerModule@3023df74]" started-at="2023-07-21T12:28:04 IST" name="LogOut" finished-at="2023-07-21T12:28:14 IST" duration-ms="10656" status="PASS">
          <reporter-output>
            <line>
              <![CDATA[logout]]>
            </line>
          </reporter-output>
        </test-method> <!-- LogOut -->
        <test-method is-config="true" signature="LogIn()[pri:0, instance:com.actitime.testscript.CustomerModule@3023df74]" started-at="2023-07-21T12:28:14 IST" name="LogIn" finished-at="2023-07-21T12:28:17 IST" duration-ms="2520" status="PASS">
          <reporter-output>
            <line>
              <![CDATA[login]]>
            </line>
          </reporter-output>
        </test-method> <!-- LogIn -->
        <test-method signature="ModifyCustomer()[pri:0, instance:com.actitime.testscript.CustomerModule@3023df74]" started-at="2023-07-21T12:28:17 IST" name="ModifyCustomer" finished-at="2023-07-21T12:28:17 IST" duration-ms="1" status="PASS">
          <reporter-output>
            <line>
              <![CDATA[Modifycustomer]]>
            </line>
          </reporter-output>
        </test-method> <!-- ModifyCustomer -->
        <test-method is-config="true" signature="LogOut()[pri:0, instance:com.actitime.testscript.CustomerModule@3023df74]" started-at="2023-07-21T12:28:17 IST" name="LogOut" finished-at="2023-07-21T12:28:25 IST" duration-ms="7977" status="PASS">
          <reporter-output>
            <line>
              <![CDATA[logout]]>
            </line>
          </reporter-output>
        </test-method> <!-- LogOut -->
        <test-method is-config="true" signature="CloseBrowser()[pri:0, instance:com.actitime.testscript.CustomerModule@3023df74]" started-at="2023-07-21T12:28:25 IST" name="CloseBrowser" finished-at="2023-07-21T12:28:25 IST" duration-ms="280" status="PASS">
          <reporter-output>
            <line>
              <![CDATA[CloseBrowser]]>
            </line>
          </reporter-output>
        </test-method> <!-- CloseBrowser -->
      </class> <!-- com.actitime.testscript.CustomerModule -->
    </test> <!-- Default test -->
  </suite> <!-- Default suite -->
</testng-results>
